<?xml version="1.0" encoding="UTF-8"?>
<testsuite xmlns:xsi="http://www.w3.org/2001/XMLSchema-instance" xsi:noNamespaceSchemaLocation="https://maven.apache.org/surefire/maven-surefire-plugin/xsd/surefire-test-report-3.0.xsd" version="3.0" name="com.business.book.CustomerTest" time="15.942" tests="1" errors="0" skipped="0" failures="0">
  <properties>
[...]
</properties>
  <testcase name="testCustomer" classname="com.business.book.CustomerTest" time="0.688">
    <system-out><![CDATA[06:20:03.125 [main] INFO org.springframework.test.context.support.AnnotationConfigContextLoaderUtils -- Could not detect default configuration classes for test class [com.business.book.CustomerTest]: CustomerTest does not declare any static, non-private, non-final, nested classes annotated with @Configuration.
06:20:03.244 [main] INFO org.springframework.boot.test.context.SpringBootTestContextBootstrapper -- Found @SpringBootConfiguration com.business.book.BusinessBookApplication for test class com.business.book.CustomerTest

  .   ____          _            __ _ _
 /\\ / ___'_ __ _ _(_)_ __  __ _ \ \ \ \
( ( )\___ | '_ | '_| | '_ \/ _` | \ \ \ \
 \\/  ___)| |_)| | | | | || (_| |  ) ) ) )
  '  |____| .__|_| |_|_| |_\__, | / / / /
 =========|_|==============|___/=/_/_/_/
 :: Spring Boot ::                (v3.2.5)

2025-07-20T06:20:03.727+01:00  INFO 178135 --- [BusinessBook] [           main] com.business.book.CustomerTest           : Starting CustomerTest using Java 21.0.7 with PID 178135 (started by willy-watcho in /home/willy-watcho/IdeaProjects/business-book-api)
2025-07-20T06:20:03.728+01:00 DEBUG 178135 --- [BusinessBook] [           main] com.business.book.CustomerTest           : Running with Spring Boot v3.2.5, Spring v6.1.6
2025-07-20T06:20:03.730+01:00  INFO 178135 --- [BusinessBook] [           main] com.business.book.CustomerTest           : No active profile set, falling back to 1 default profile: "default"
2025-07-20T06:20:04.831+01:00  INFO 178135 --- [BusinessBook] [           main] .s.d.r.c.RepositoryConfigurationDelegate : Bootstrapping Spring Data Reactive Cassandra repositories in DEFAULT mode.
2025-07-20T06:20:04.954+01:00  INFO 178135 --- [BusinessBook] [           main] .s.d.r.c.RepositoryConfigurationDelegate : Finished Spring Data repository scanning in 118 ms. Found 17 Reactive Cassandra repository interfaces.
2025-07-20T06:20:05.211+01:00  INFO 178135 --- [BusinessBook] [           main] .s.d.r.c.RepositoryConfigurationDelegate : Bootstrapping Spring Data Cassandra repositories in DEFAULT mode.
2025-07-20T06:20:05.227+01:00  INFO 178135 --- [BusinessBook] [           main] .s.d.r.c.RepositoryConfigurationDelegate : Finished Spring Data repository scanning in 16 ms. Found 0 Cassandra repository interfaces.
2025-07-20T06:20:05.988+01:00  INFO 178135 --- [BusinessBook] [           main] c.d.o.d.i.core.DefaultMavenCoordinates   : DataStax Java driver for Apache Cassandra(R) (com.datastax.oss:java-driver-core) version 4.17.0
2025-07-20T06:20:06.067+01:00  INFO 178135 --- [BusinessBook] [           main] c.d.o.d.i.c.c.CqlPrepareAsyncProcessor   : Adding handler to invalidate cached prepared statements on type changes
2025-07-20T06:20:06.387+01:00  INFO 178135 --- [BusinessBook] [     s0-admin-0] c.d.oss.driver.internal.core.time.Clock  : Using native clock for microsecond precision
2025-07-20T06:20:06.502+01:00  WARN 178135 --- [BusinessBook] [     s0-admin-1] c.d.o.d.i.c.control.ControlConnection    : [s0] Error connecting to Node(endPoint= 34.197.106.86/<unresolved>:9042, hostId=null, hashCode=6fb47ff1), trying next node (UnknownHostException:  34.197.106.86: Name or service not known)
2025-07-20T06:20:06.506+01:00  WARN 178135 --- [BusinessBook] [     s0-admin-1] c.d.o.d.i.c.control.ControlConnection    : [s0] Error connecting to Node(endPoint= 18.215.195.64/<unresolved>:9042, hostId=null, hashCode=4ee68ede), trying next node (UnknownHostException:  18.215.195.64: Name or service not known)
2025-07-20T06:20:09.915+01:00  WARN 178135 --- [BusinessBook] [     s0-admin-0] c.d.o.d.i.c.l.h.OptionalLocalDcHelper    : [s0|default] You specified AWS_US_EAST_1 as the local DC, but some contact points are from a different DC: Node(endPoint= 34.197.106.86/<unresolved>:9042, hostId=null, hashCode=6fb47ff1)=null, Node(endPoint= 18.215.195.64/<unresolved>:9042, hostId=null, hashCode=4ee68ede)=null; please provide the correct local DC, or check your contact points
2025-07-20T06:20:11.164+01:00  INFO 178135 --- [BusinessBook] [           main] c.d.o.d.i.c.c.CqlPrepareAsyncProcessor   : Adding handler to invalidate cached prepared statements on type changes
2025-07-20T06:20:11.165+01:00  INFO 178135 --- [BusinessBook] [     s1-admin-0] c.d.oss.driver.internal.core.time.Clock  : Using native clock for microsecond precision
2025-07-20T06:20:11.168+01:00  WARN 178135 --- [BusinessBook] [     s1-admin-1] c.d.o.d.i.c.control.ControlConnection    : [s1] Error connecting to Node(endPoint= 18.215.195.64/<unresolved>:9042, hostId=null, hashCode=30689b56), trying next node (UnknownHostException:  18.215.195.64)
2025-07-20T06:20:14.611+01:00  WARN 178135 --- [BusinessBook] [     s1-admin-0] c.d.o.d.i.c.l.h.OptionalLocalDcHelper    : [s1|default] You specified AWS_US_EAST_1 as the local DC, but some contact points are from a different DC: Node(endPoint= 34.197.106.86/<unresolved>:9042, hostId=null, hashCode=3eaf72f3)=null, Node(endPoint= 18.215.195.64/<unresolved>:9042, hostId=null, hashCode=30689b56)=null; please provide the correct local DC, or check your contact points
2025-07-20T06:20:18.198+01:00  INFO 178135 --- [BusinessBook] [           main] com.business.book.CustomerTest           : Started CustomerTest in 14.781 seconds (process running for 15.866)
]]></system-out>
    <system-err><![CDATA[WARNING: A Java agent has been loaded dynamically (/home/willy-watcho/.m2/repository/net/bytebuddy/byte-buddy-agent/1.14.13/byte-buddy-agent-1.14.13.jar)
WARNING: If a serviceability tool is in use, please run with -XX:+EnableDynamicAgentLoading to hide this warning
WARNING: If a serviceability tool is not in use, please run with -Djdk.instrument.traceUsage for more information
WARNING: Dynamic loading of agents will be disallowed by default in a future release
]]></system-err>
  </testcase>
</testsuite>