<?xml version="1.0" encoding="UTF-8"?>
<testsuite xmlns:xsi="http://www.w3.org/2001/XMLSchema-instance" xsi:noNamespaceSchemaLocation="https://maven.apache.org/surefire/maven-surefire-plugin/xsd/surefire-test-report-3.0.xsd" version="3.0" name="com.business.book.BusinessBookApplicationTests" time="11.406" tests="1" errors="0" skipped="0" failures="0">
  <properties>
[...]
</properties>
  <testcase name="contextLoads" classname="com.business.book.BusinessBookApplicationTests" time="0.007">
    <system-out><![CDATA[2025-07-20T06:20:18.901+01:00  INFO 178135 --- [BusinessBook] [           main] t.c.s.AnnotationConfigContextLoaderUtils : Could not detect default configuration classes for test class [com.business.book.BusinessBookApplicationTests]: BusinessBookApplicationTests does not declare any static, non-private, non-final, nested classes annotated with @Configuration.
2025-07-20T06:20:18.903+01:00  INFO 178135 --- [BusinessBook] [           main] .b.t.c.SpringBootTestContextBootstrapper : Found @SpringBootConfiguration com.business.book.BusinessBookApplication for test class com.business.book.BusinessBookApplicationTests
2025-07-20T06:20:18.921+01:00  INFO 178135 --- [BusinessBook] [           main] m.p.springdotenv.DotenvPropertySource    : Initialized Dotenv with DotenvConfig{directory=null, filename=null, ignoreIfMalformed=false, ignoreIfMissing=true, systemProperties=false, prefix=null}

  .   ____          _            __ _ _
 /\\ / ___'_ __ _ _(_)_ __  __ _ \ \ \ \
( ( )\___ | '_ | '_| | '_ \/ _` | \ \ \ \
 \\/  ___)| |_)| | | | | || (_| |  ) ) ) )
  '  |____| .__|_| |_|_| |_\__, | / / / /
 =========|_|==============|___/=/_/_/_/
 :: Spring Boot ::                (v3.2.5)

2025-07-20T06:20:18.940+01:00  INFO 178135 --- [BusinessBook] [           main] c.b.book.BusinessBookApplicationTests    : Starting BusinessBookApplicationTests using Java 21.0.7 with PID 178135 (started by willy-watcho in /home/willy-watcho/IdeaProjects/business-book-api)
2025-07-20T06:20:18.940+01:00 DEBUG 178135 --- [BusinessBook] [           main] c.b.book.BusinessBookApplicationTests    : Running with Spring Boot v3.2.5, Spring v6.1.6
2025-07-20T06:20:18.940+01:00  INFO 178135 --- [BusinessBook] [           main] c.b.book.BusinessBookApplicationTests    : No active profile set, falling back to 1 default profile: "default"
2025-07-20T06:20:19.131+01:00  INFO 178135 --- [BusinessBook] [           main] .s.d.r.c.RepositoryConfigurationDelegate : Bootstrapping Spring Data Reactive Cassandra repositories in DEFAULT mode.
2025-07-20T06:20:19.142+01:00  INFO 178135 --- [BusinessBook] [           main] .s.d.r.c.RepositoryConfigurationDelegate : Finished Spring Data repository scanning in 10 ms. Found 17 Reactive Cassandra repository interfaces.
2025-07-20T06:20:19.192+01:00  INFO 178135 --- [BusinessBook] [           main] .s.d.r.c.RepositoryConfigurationDelegate : Bootstrapping Spring Data Cassandra repositories in DEFAULT mode.
2025-07-20T06:20:19.198+01:00  INFO 178135 --- [BusinessBook] [           main] .s.d.r.c.RepositoryConfigurationDelegate : Finished Spring Data repository scanning in 5 ms. Found 0 Cassandra repository interfaces.
2025-07-20T06:20:19.320+01:00  INFO 178135 --- [BusinessBook] [           main] c.d.o.d.i.c.c.CqlPrepareAsyncProcessor   : Adding handler to invalidate cached prepared statements on type changes
2025-07-20T06:20:19.322+01:00  INFO 178135 --- [BusinessBook] [     s2-admin-0] c.d.oss.driver.internal.core.time.Clock  : Using native clock for microsecond precision
2025-07-20T06:20:20.310+01:00 ERROR 178135 --- [BusinessBook] [or-http-epoll-2] s.i.CommunicationWithOrganizationAPIImpl : Error during getAllEnterprise: 401 Unauthorized from GET https://gateway.yowyob.com/organization-service/organizations
2025-07-20T06:20:23.256+01:00  WARN 178135 --- [BusinessBook] [     s2-admin-0] c.d.o.d.i.c.l.h.OptionalLocalDcHelper    : [s2|default] You specified AWS_US_EAST_1 as the local DC, but some contact points are from a different DC: Node(endPoint= 34.197.106.86/<unresolved>:9042, hostId=null, hashCode=c7065ca)=null, Node(endPoint= 18.215.195.64/<unresolved>:9042, hostId=null, hashCode=2b79a34)=null; please provide the correct local DC, or check your contact points
2025-07-20T06:20:24.694+01:00  INFO 178135 --- [BusinessBook] [           main] c.d.o.d.i.c.c.CqlPrepareAsyncProcessor   : Adding handler to invalidate cached prepared statements on type changes
2025-07-20T06:20:24.696+01:00  INFO 178135 --- [BusinessBook] [     s3-admin-0] c.d.oss.driver.internal.core.time.Clock  : Using native clock for microsecond precision
2025-07-20T06:20:24.699+01:00  WARN 178135 --- [BusinessBook] [     s3-admin-1] c.d.o.d.i.c.control.ControlConnection    : [s3] Error connecting to Node(endPoint= 34.197.106.86/<unresolved>:9042, hostId=null, hashCode=4d55fcc), trying next node (UnknownHostException:  34.197.106.86)
2025-07-20T06:20:28.239+01:00  WARN 178135 --- [BusinessBook] [     s3-admin-0] c.d.o.d.i.c.l.h.OptionalLocalDcHelper    : [s3|default] You specified AWS_US_EAST_1 as the local DC, but some contact points are from a different DC: Node(endPoint= 34.197.106.86/<unresolved>:9042, hostId=null, hashCode=4d55fcc)=null, Node(endPoint= 18.215.195.64/<unresolved>:9042, hostId=null, hashCode=a12b126)=null; please provide the correct local DC, or check your contact points
2025-07-20T06:20:30.296+01:00  INFO 178135 --- [BusinessBook] [           main] c.b.book.BusinessBookApplicationTests    : Started BusinessBookApplicationTests in 11.38 seconds (process running for 27.964)
]]></system-out>
  </testcase>
</testsuite>